<?xml version="1.0" encoding="UTF-8"?>
<testsuite name="com.example.Java_12.Java12ApplicationTests" tests="1" skipped="0" failures="0" errors="0" timestamp="2023-05-15T15:48:56" hostname="DESKTOP-3PKJ1KM" time="2.033">
  <properties/>
  <testcase name="contextLoads()" classname="com.example.Java_12.Java12ApplicationTests" time="2.033"/>
  <system-out><![CDATA[18:48:52.495 [Test worker] DEBUG org.springframework.boot.test.context.SpringBootTestContextBootstrapper -- Neither @ContextConfiguration nor @ContextHierarchy found for test class [Java12ApplicationTests]: using SpringBootContextLoader
18:48:52.506 [Test worker] DEBUG org.springframework.test.context.support.AbstractContextLoader -- Could not detect default resource locations for test class [com.example.Java_12.Java12ApplicationTests]: no resource found for suffixes {-context.xml, Context.groovy}.
18:48:52.508 [Test worker] INFO org.springframework.test.context.support.AnnotationConfigContextLoaderUtils -- Could not detect default configuration classes for test class [com.example.Java_12.Java12ApplicationTests]: Java12ApplicationTests does not declare any static, non-private, non-final, nested classes annotated with @Configuration.
18:48:52.564 [Test worker] DEBUG org.springframework.boot.test.context.SpringBootTestContextBootstrapper -- Using ContextCustomizers for test class [Java12ApplicationTests]: [DisableObservabilityContextCustomizer, PropertyMappingContextCustomizer, Customizer, ExcludeFilterContextCustomizer, DuplicateJsonObjectContextCustomizer, MockitoContextCustomizer, TestRestTemplateContextCustomizer]
18:48:52.775 [Test worker] DEBUG org.springframework.context.annotation.ClassPathScanningCandidateComponentProvider -- Identified candidate component class: file [C:\Users\Bersnakx\Desktop\Java\Java_12\build\classes\java\main\com\example\Java_12\Java12Application.class]
18:48:52.783 [Test worker] INFO org.springframework.boot.test.context.SpringBootTestContextBootstrapper -- Found @SpringBootConfiguration com.example.Java_12.Java12Application for test class com.example.Java_12.Java12ApplicationTests
18:48:53.120 [Test worker] DEBUG org.springframework.test.context.util.TestContextSpringFactoriesUtils -- Skipping candidate TestExecutionListener [org.springframework.test.context.web.ServletTestExecutionListener] due to a missing dependency. Specify custom TestExecutionListener classes or make the default TestExecutionListener classes and their required dependencies available. Offending class: [jakarta/servlet/ServletContext]
18:48:53.134 [Test worker] DEBUG org.springframework.test.context.util.TestContextSpringFactoriesUtils -- Skipping candidate TestExecutionListener [org.springframework.test.context.transaction.TransactionalTestExecutionListener] due to a missing dependency. Specify custom TestExecutionListener classes or make the default TestExecutionListener classes and their required dependencies available. Offending class: [org/springframework/transaction/interceptor/TransactionAttributeSource]
18:48:53.139 [Test worker] DEBUG org.springframework.test.context.util.TestContextSpringFactoriesUtils -- Skipping candidate TestExecutionListener [org.springframework.test.context.jdbc.SqlScriptsTestExecutionListener] due to a missing dependency. Specify custom TestExecutionListener classes or make the default TestExecutionListener classes and their required dependencies available. Offending class: [org/springframework/transaction/interceptor/TransactionAttribute]
18:48:53.146 [Test worker] DEBUG org.springframework.boot.test.context.SpringBootTestContextBootstrapper -- Using TestExecutionListeners for test class [Java12ApplicationTests]: [DirtiesContextBeforeModesTestExecutionListener, ApplicationEventsTestExecutionListener, MockitoTestExecutionListener, DependencyInjectionTestExecutionListener, DirtiesContextTestExecutionListener, EventPublishingTestExecutionListener, RestDocsTestExecutionListener, MockRestServiceServerResetTestExecutionListener, MockMvcPrintOnlyOnFailureTestExecutionListener, WebDriverTestExecutionListener, MockWebServiceServerTestExecutionListener, ResetMocksTestExecutionListener]
18:48:53.153 [Test worker] DEBUG org.springframework.test.context.support.AbstractDirtiesContextTestExecutionListener -- Before test class: class [Java12ApplicationTests], class annotated with @DirtiesContext [false] with mode [null]
18:48:53.211 [Test worker] DEBUG org.springframework.test.context.support.DependencyInjectionTestExecutionListener -- Performing dependency injection for test class com.example.Java_12.Java12ApplicationTests

  .   ____          _            __ _ _
 /\\ / ___'_ __ _ _(_)_ __  __ _ \ \ \ \
( ( )\___ | '_ | '_| | '_ \/ _` | \ \ \ \
 \\/  ___)| |_)| | | | | || (_| |  ) ) ) )
  '  |____| .__|_| |_|_| |_\__, | / / / /
 =========|_|==============|___/=/_/_/_/
 :: Spring Boot ::                (v3.0.6)

2023-05-15T18:48:54.295+03:00  INFO 148 --- [    Test worker] c.e.Java_12.Java12ApplicationTests       : Starting Java12ApplicationTests using Java 19.0.2 with PID 148 (started by Bersnakx in C:\Users\Bersnakx\Desktop\Java\Java_12)
2023-05-15T18:48:54.300+03:00  INFO 148 --- [    Test worker] c.e.Java_12.Java12ApplicationTests       : No active profile set, falling back to 1 default profile: "default"
null
2BE88CA4242C76E8253AC62474851065032D6833
Files are ready
2023-05-15T18:48:56.075+03:00  INFO 148 --- [    Test worker] c.e.Java_12.Java12ApplicationTests       : Started Java12ApplicationTests in 2.647 seconds (process running for 7.896)
]]></system-out>
  <system-err><![CDATA[]]></system-err>
</testsuite>
